2024-06-02T17:17:07  build(io): add a --format json alias
2024-07-01T12:34:14  chore(docs): guard against ReDoS in patterns
2024-07-12T19:51:21  perf(fixtures): handle CRLF line endings
2024-08-11T14:08:28  ci(io): improve error messages with context
2024-08-22T09:25:35  fix(docs): add usage examples to help
2024-09-03T16:42:42  docs(fixtures): add a --format json alias
2024-10-02T11:59:49  test(io): guard against ReDoS in patterns
2024-10-13T18:16:56  build(docs): handle CRLF line endings
2024-11-12T13:33:03  build(deps): add a dry-run flag
2024-11-23T08:50:10  chore(cache): reduce false positives on edge cases
2024-12-05T15:07:17  refactor(engine): assert exit codes in tests
2025-01-03T10:24:24  style(deps): pin the test dependencies
2025-01-14T17:41:31  feat(cache): add a JSON schema for output
2025-01-26T12:58:38  docs(engine): add a dry-run flag
2025-02-24T19:15:45  test(deps): reduce false positives on edge cases
2025-03-08T14:32:52  build(cache): assert exit codes in tests
2025-04-06T09:49:59  ci(scoring): tune severity weights
2025-04-17T16:06:06  fix(parser): extract the scorer
2025-04-29T11:23:13  refactor(ci): dedupe overlapping findings
2025-05-28T18:40:20  style(scoring): add pagination to large reports
2025-06-09T13:57:27  feat(parser): handle empty and malformed input
2025-07-08T08:14:34  docs(ci): tune severity weights
2025-07-19T15:31:41  perf(scoring): extract the scorer
2025-07-31T10:48:48  perf(format): trim whitespace in parsed fields
2025-08-29T17:05:55  ci(rules): support stdin as a source
2025-09-10T12:22:02  fix(tests): clarify the README quickstart
2025-10-09T19:39:09  refactor(format): make timestamps timezone-aware
